#-----------------------------------------------------------
# Vivado v2018.1 (64-bit)
# SW Build 2188600 on Wed Apr  4 18:40:38 MDT 2018
# IP Build 2185939 on Wed Apr  4 20:55:05 MDT 2018
# Start of session at: Sun Jun 11 11:00:26 2023
# Process ID: 7624
# Current directory: C:/Users/tharu/Desktop/Lab9_10/Lab9_10
# Command line: vivado.exe -gui_launcher_event rodinguilauncherevent13184 C:\Users\tharu\Desktop\Lab9_10\Lab9_10\Lab9_10.xpr
# Log file: C:/Users/tharu/Desktop/Lab9_10/Lab9_10/vivado.log
# Journal file: C:/Users/tharu/Desktop/Lab9_10/Lab9_10\vivado.jou
#-----------------------------------------------------------
start_gui
open_project C:/Users/tharu/Desktop/Lab9_10/Lab9_10/Lab9_10.xpr
INFO: [Project 1-313] Project file moved from 'C:/Users/DOWNLOAD/Lab9_10' since last save.
CRITICAL WARNING: [Project 1-311] Could not find the file 'C:/Users/tharu/Desktop/Lab9_10/Lab4/Lab4.srcs/sources_1/new/Decoder_3_to_8.vhd', nor could it be found using path 'C:/Users/DOWNLOAD/Lab4/Lab4.srcs/sources_1/new/Decoder_3_to_8.vhd'.
CRITICAL WARNING: [Project 1-311] Could not find the file 'C:/Users/tharu/Desktop/Lab9_10/lab3/lab3.srcs/sources_1/new/RCA_4.vhd', nor could it be found using path 'C:/Users/DOWNLOAD/lab3/lab3.srcs/sources_1/new/RCA_4.vhd'.
Scanning sources...
Finished scanning sources
INFO: [IP_Flow 19-234] Refreshing IP repositories
INFO: [IP_Flow 19-1704] No user IP repositories specified
INFO: [IP_Flow 19-2313] Loaded Vivado IP repository 'C:/Xilinx/Vivado/2018.1/data/ip'.
open_project: Time (s): cpu = 00:00:08 ; elapsed = 00:00:07 . Memory (MB): peak = 962.777 ; gain = 194.758
update_compile_order -fileset sources_1
add_files -norecurse {C:/Users/tharu/Desktop/Lab9_10/Lab9_10/Lab9_10.srcs/sources_1/new/Decoder_3_to_8.vhd C:/Users/tharu/Desktop/Lab9_10/Lab9_10/Lab9_10.srcs/sources_1/new/RCA_4.vhd}
update_compile_order -fileset sources_1
exit
INFO: [Common 17-206] Exiting Vivado at Sun Jun 11 11:03:33 2023...
